0 info it worked if it ends with ok
1 verbose cli [ 'node',
1 verbose cli   '/usr/local/bin/npm',
1 verbose cli   'install',
1 verbose cli   '-g',
1 verbose cli   'generator-flux-webapp' ]
2 info using npm@2.11.2
3 info using node@v0.12.6
4 verbose install initial load of /usr/local/lib/package.json
5 verbose readDependencies loading dependencies from /usr/local/lib/package.json
6 silly cache add args [ 'generator-flux-webapp', null ]
7 verbose cache add spec generator-flux-webapp
8 silly cache add parsed spec { raw: 'generator-flux-webapp',
8 silly cache add   scope: null,
8 silly cache add   name: 'generator-flux-webapp',
8 silly cache add   rawSpec: '',
8 silly cache add   spec: '*',
8 silly cache add   type: 'range' }
9 silly addNamed generator-flux-webapp@*
10 verbose addNamed "*" is a valid semver range for generator-flux-webapp
11 silly addNameRange { name: 'generator-flux-webapp', range: '*', hasData: false }
12 silly mapToRegistry name generator-flux-webapp
13 silly mapToRegistry using default registry
14 silly mapToRegistry registry https://registry.npmjs.org/
15 silly mapToRegistry uri https://registry.npmjs.org/generator-flux-webapp
16 verbose addNameRange registry:https://registry.npmjs.org/generator-flux-webapp not in flight; fetching
17 verbose request uri https://registry.npmjs.org/generator-flux-webapp
18 verbose request no auth needed
19 info attempt registry request try #1 at 4:07:36 PM
20 verbose request id 396fe8214f42dd3a
21 http request GET https://registry.npmjs.org/generator-flux-webapp
22 http 200 https://registry.npmjs.org/generator-flux-webapp
23 silly get cb [ 200,
23 silly get   { server: 'CouchDB/1.5.0 (Erlang OTP/R16B03)',
23 silly get     etag: '"5A6OQQ0FNR7HVUODKQISD3KCP"',
23 silly get     'content-type': 'application/json',
23 silly get     'cache-control': 'max-age=60',
23 silly get     'content-length': '10645',
23 silly get     'accept-ranges': 'bytes',
23 silly get     date: 'Sat, 08 Aug 2015 23:07:35 GMT',
23 silly get     via: '1.1 varnish',
23 silly get     age: '0',
23 silly get     connection: 'keep-alive',
23 silly get     'x-served-by': 'cache-sjc3132-SJC',
23 silly get     'x-cache': 'MISS',
23 silly get     'x-cache-hits': '0',
23 silly get     'x-timer': 'S1439075255.203808,VS0,VE344',
23 silly get     vary: 'Accept' } ]
24 verbose get saving generator-flux-webapp to /Users/Penelope/.npm/registry.npmjs.org/generator-flux-webapp/.cache.json
25 silly addNameRange number 2 { name: 'generator-flux-webapp', range: '*', hasData: true }
26 silly addNameRange versions [ 'generator-flux-webapp',
26 silly addNameRange   [ '0.0.0', '0.1.0', '0.1.1', '0.1.2', '0.1.3' ] ]
27 silly addNamed generator-flux-webapp@0.1.3
28 verbose addNamed "0.1.3" is a plain semver version for generator-flux-webapp
29 silly mapToRegistry name generator-flux-webapp
30 silly mapToRegistry using default registry
31 silly mapToRegistry registry https://registry.npmjs.org/
32 silly mapToRegistry uri https://registry.npmjs.org/generator-flux-webapp
33 verbose addRemoteTarball https://registry.npmjs.org/generator-flux-webapp/-/generator-flux-webapp-0.1.3.tgz not in flight; adding
34 verbose addRemoteTarball [ 'https://registry.npmjs.org/generator-flux-webapp/-/generator-flux-webapp-0.1.3.tgz',
34 verbose addRemoteTarball   '6ecdf379124cfebeee6bf071f450b7366d990b65' ]
35 info retry fetch attempt 1 at 4:07:36 PM
36 info attempt registry request try #1 at 4:07:36 PM
37 http fetch GET https://registry.npmjs.org/generator-flux-webapp/-/generator-flux-webapp-0.1.3.tgz
38 http fetch 200 https://registry.npmjs.org/generator-flux-webapp/-/generator-flux-webapp-0.1.3.tgz
39 silly fetchAndShaCheck shasum 6ecdf379124cfebeee6bf071f450b7366d990b65
40 verbose addTmpTarball /var/folders/7q/wx66m_0d1yl2kr2py_p5t2bc0000gn/T/npm-24991-34fa973d/registry.npmjs.org/generator-flux-webapp/-/generator-flux-webapp-0.1.3.tgz not in flight; adding
41 verbose addTmpTarball already have metadata; skipping unpack for generator-flux-webapp@0.1.3
42 silly cache afterAdd generator-flux-webapp@0.1.3
43 verbose afterAdd /Users/Penelope/.npm/generator-flux-webapp/0.1.3/package/package.json not in flight; writing
44 verbose afterAdd /Users/Penelope/.npm/generator-flux-webapp/0.1.3/package/package.json written
45 silly install resolved [ { name: 'generator-flux-webapp',
45 silly install resolved     version: '0.1.3',
45 silly install resolved     description: 'Yeoman generator for creating Flux applications.',
45 silly install resolved     license: 'MIT',
45 silly install resolved     main: 'app/index.js',
45 silly install resolved     repository:
45 silly install resolved      { type: 'git',
45 silly install resolved        url: 'git://github.com/alduro/generator-flux-webapp' },
45 silly install resolved     author:
45 silly install resolved      { name: 'Aldo Nievas',
45 silly install resolved        email: 'aldo@satio.com.ar',
45 silly install resolved        url: 'https://github.com/alduro' },
45 silly install resolved     engines: { node: '>=0.10.0' },
45 silly install resolved     scripts: { test: 'mocha' },
45 silly install resolved     files: [ 'app' ],
45 silly install resolved     keywords: [ 'yeoman-generator' ],
45 silly install resolved     dependencies:
45 silly install resolved      { 'yeoman-generator': '^0.17.0',
45 silly install resolved        chalk: '^0.5.0',
45 silly install resolved        yosay: '^0.3.0' },
45 silly install resolved     devDependencies: { mocha: '*' },
45 silly install resolved     peerDependencies: { yo: '>=1.0.0' },
45 silly install resolved     bugs: { url: 'https://github.com/alduro/generator-flux-webapp/issues' },
45 silly install resolved     homepage: 'https://github.com/alduro/generator-flux-webapp',
45 silly install resolved     _id: 'generator-flux-webapp@0.1.3',
45 silly install resolved     _shasum: '6ecdf379124cfebeee6bf071f450b7366d990b65',
45 silly install resolved     _from: 'generator-flux-webapp@*',
45 silly install resolved     _npmVersion: '1.4.9',
45 silly install resolved     _npmUser: { name: 'alduro', email: 'aldo@satio.com.ar' },
45 silly install resolved     maintainers: [ [Object] ],
45 silly install resolved     dist:
45 silly install resolved      { shasum: '6ecdf379124cfebeee6bf071f450b7366d990b65',
45 silly install resolved        tarball: 'http://registry.npmjs.org/generator-flux-webapp/-/generator-flux-webapp-0.1.3.tgz' },
45 silly install resolved     directories: {},
45 silly install resolved     _resolved: 'https://registry.npmjs.org/generator-flux-webapp/-/generator-flux-webapp-0.1.3.tgz' } ]
46 info install generator-flux-webapp@0.1.3 into /usr/local/lib
47 info installOne generator-flux-webapp@0.1.3
48 verbose installOne of generator-flux-webapp to /usr/local/lib not in flight; installing
49 verbose lock using /Users/Penelope/.npm/_locks/generator-flux-webapp-199239685c542726.lock for /usr/local/lib/node_modules/generator-flux-webapp
50 silly install write writing generator-flux-webapp 0.1.3 to /usr/local/lib/node_modules/generator-flux-webapp
51 verbose unbuild lib/node_modules/generator-flux-webapp
52 silly gentlyRm /usr/local/lib/node_modules/generator-flux-webapp is being purged from base /usr/local
53 verbose gentlyRm don't care about contents; nuking /usr/local/lib/node_modules/generator-flux-webapp
54 verbose tar unpack /Users/Penelope/.npm/generator-flux-webapp/0.1.3/package.tgz
55 verbose tar unpacking to /usr/local/lib/node_modules/generator-flux-webapp
56 silly gentlyRm /usr/local/lib/node_modules/generator-flux-webapp is being purged
57 verbose gentlyRm don't care about contents; nuking /usr/local/lib/node_modules/generator-flux-webapp
58 silly gunzTarPerm modes [ '755', '644' ]
59 error tar.unpack untar error /Users/Penelope/.npm/generator-flux-webapp/0.1.3/package.tgz
60 verbose unlock done using /Users/Penelope/.npm/_locks/generator-flux-webapp-199239685c542726.lock for /usr/local/lib/node_modules/generator-flux-webapp
61 verbose fstream_path /usr/local/lib/node_modules/generator-flux-webapp
62 verbose fstream_type Directory
63 verbose fstream_class DirWriter
64 verbose stack Error: EACCES, mkdir '/usr/local/lib/node_modules/generator-flux-webapp'
64 verbose stack     at Error (native)
65 verbose fstream_stack /usr/local/lib/node_modules/npm/node_modules/fstream/lib/dir-writer.js:35:25
65 verbose fstream_stack /usr/local/lib/node_modules/npm/node_modules/mkdirp/index.js:47:53
65 verbose fstream_stack FSReqWrap.oncomplete (fs.js:95:15)
66 verbose cwd /Users/Penelope/general_assembly/wdi-homework
67 error Darwin 14.4.0
68 error argv "node" "/usr/local/bin/npm" "install" "-g" "generator-flux-webapp"
69 error node v0.12.6
70 error npm  v2.11.2
71 error path /usr/local/lib/node_modules/generator-flux-webapp
72 error code EACCES
73 error errno -13
74 error Error: EACCES, mkdir '/usr/local/lib/node_modules/generator-flux-webapp'
74 error     at Error (native)
74 error  { [Error: EACCES, mkdir '/usr/local/lib/node_modules/generator-flux-webapp']
74 error   errno: -13,
74 error   code: 'EACCES',
74 error   path: '/usr/local/lib/node_modules/generator-flux-webapp',
74 error   fstream_type: 'Directory',
74 error   fstream_path: '/usr/local/lib/node_modules/generator-flux-webapp',
74 error   fstream_class: 'DirWriter',
74 error   fstream_stack:
74 error    [ '/usr/local/lib/node_modules/npm/node_modules/fstream/lib/dir-writer.js:35:25',
74 error      '/usr/local/lib/node_modules/npm/node_modules/mkdirp/index.js:47:53',
74 error      'FSReqWrap.oncomplete (fs.js:95:15)' ] }
75 error Please try running this command again as root/Administrator.
76 verbose exit [ -13, true ]
77 verbose unbuild lib/node_modules/generator-flux-webapp
78 silly gentlyRm /usr/local/lib/node_modules/generator-flux-webapp is being purged from base /usr/local
79 verbose gentlyRm don't care about contents; nuking /usr/local/lib/node_modules/generator-flux-webapp
